Arguments: 
  /usr/bin/node /usr/bin/yarn

PATH: 
  /home/ulisesjcf/.yarn/bin:/home/ulisesjcf/bin:/usr/local/bin:/usr/bin:/bin:/usr/local/sbin:/usr/lib/jvm/default/bin:/usr/bin/site_perl:/usr/bin/vendor_perl:/usr/bin/core_perl:/sbin:/usr/sbin

Yarn version: 
  1.16.0

Node version: 
  11.15.0

Platform: 
  linux x64

Trace: 
  SyntaxError: /home/ulisesjcf/Documents/Projects/Github/react-a11y/package.json: Unexpected token ] in JSON at position 215
      at JSON.parse (<anonymous>)
      at /usr/lib/node_modules/yarn/lib/cli.js:1625:59
      at Generator.next (<anonymous>)
      at step (/usr/lib/node_modules/yarn/lib/cli.js:304:30)
      at /usr/lib/node_modules/yarn/lib/cli.js:315:13

npm manifest: 
  {
    "name": "react-a11y",
    "version": "1.0.0",
    "main": "index.js",
    "repository": "git@github.com:ulises-jeremias/react-a11y.git",
    "authors": [
      "ulises-jeremias <ucornejofandos@lifia.info.unlp.edu.ar>",
    ],
    "license": "MIT",
    "scripts": {
      "start": "reveal-md src/curso.md --css src/css/styles.css",
      "start:record": "obs --startrecording --collection ./obs-record",
      "clear": "rm -r css/ js/ lib/ plugin/ static/ curso.html index.html",
      "build": "reveal-md src/curso.md --static . --static-dirs=src/static --highlight-theme=atom-one-dark --css src/css/styles.css",
      "postbuild": "cp src/css/* css/ && ./script/postbuild.js",
      "open:chrome": "yarn build && chrome index.html",
      "open:chromium": "yarn build && chromium index.html",
      "open:firefox": "yarn build && firefox index.html"
    },
    "devDependencies": {
      "reveal-md": "^3.0.3"
    }
  }

yarn manifest: 
  No manifest

Lockfile: 
  No lockfile
